[Thu Oct 27 10:37:34.675773 2022] [ssl:warn] [pid 16404:tid 640] AH01909: www.example.com:443:0 server certificate does NOT include an ID which matches the server name
[Thu Oct 27 10:37:34.694682 2022] [ssl:warn] [pid 16404:tid 640] AH01909: www.example.com:443:0 server certificate does NOT include an ID which matches the server name
[Thu Oct 27 10:37:34.879107 2022] [mpm_winnt:notice] [pid 16404:tid 640] AH00455: Apache/2.4.43 (Win64) OpenSSL/1.1.1g PHP/7.3.16 configured -- resuming normal operations
[Thu Oct 27 10:37:34.879107 2022] [mpm_winnt:notice] [pid 16404:tid 640] AH00456: Apache Lounge VC15 Server built: Apr 22 2020 11:11:00
[Thu Oct 27 10:37:34.879107 2022] [core:notice] [pid 16404:tid 640] AH00094: Command line: 'd:\\xampp\\apache\\bin\\httpd.exe -d D:/xampp/apache'
[Thu Oct 27 10:37:34.881113 2022] [mpm_winnt:notice] [pid 16404:tid 640] AH00418: Parent: Created child process 17380
[Thu Oct 27 10:37:35.093225 2022] [ssl:warn] [pid 17380:tid 628] AH01909: www.example.com:443:0 server certificate does NOT include an ID which matches the server name
[Thu Oct 27 10:37:35.112325 2022] [ssl:warn] [pid 17380:tid 628] AH01909: www.example.com:443:0 server certificate does NOT include an ID which matches the server name
[Thu Oct 27 10:37:35.134325 2022] [mpm_winnt:notice] [pid 17380:tid 628] AH00354: Child: Starting 150 worker threads.
[Thu Oct 27 10:41:23.612484 2022] [mpm_winnt:crit] [pid 17380:tid 628] AH02538: Child: Parent process exited abruptly. Child process is ending
[Thu Oct 27 10:41:26.271829 2022] [ssl:warn] [pid 8468:tid 628] AH01909: www.example.com:443:0 server certificate does NOT include an ID which matches the server name
[Thu Oct 27 10:41:26.287830 2022] [core:warn] [pid 8468:tid 628] AH00098: pid file D:/xampp/apache/logs/httpd.pid overwritten -- Unclean shutdown of previous Apache run?
[Thu Oct 27 10:41:26.288829 2022] [ssl:warn] [pid 8468:tid 628] AH01909: www.example.com:443:0 server certificate does NOT include an ID which matches the server name
PHP Warning:  Cannot open ':D\\xampp\\php\\extras\\browscap.ini' for reading in Unknown on line 0
[Thu Oct 27 10:41:26.302653 2022] [mpm_winnt:notice] [pid 8468:tid 628] AH00455: Apache/2.4.43 (Win64) OpenSSL/1.1.1g PHP/7.3.16 configured -- resuming normal operations
[Thu Oct 27 10:41:26.302653 2022] [mpm_winnt:notice] [pid 8468:tid 628] AH00456: Apache Lounge VC15 Server built: Apr 22 2020 11:11:00
[Thu Oct 27 10:41:26.302653 2022] [core:notice] [pid 8468:tid 628] AH00094: Command line: 'd:\\xampp\\apache\\bin\\httpd.exe -d D:/xampp/apache'
[Thu Oct 27 10:41:26.304563 2022] [mpm_winnt:notice] [pid 8468:tid 628] AH00418: Parent: Created child process 15204
[Thu Oct 27 10:41:26.480167 2022] [ssl:warn] [pid 15204:tid 608] AH01909: www.example.com:443:0 server certificate does NOT include an ID which matches the server name
[Thu Oct 27 10:41:26.497035 2022] [ssl:warn] [pid 15204:tid 608] AH01909: www.example.com:443:0 server certificate does NOT include an ID which matches the server name
PHP Warning:  Cannot open ':D\\xampp\\php\\extras\\browscap.ini' for reading in Unknown on line 0
[Thu Oct 27 10:41:26.507034 2022] [mpm_winnt:notice] [pid 15204:tid 608] AH00354: Child: Starting 150 worker threads.
[Thu Oct 27 10:43:43.372970 2022] [ssl:warn] [pid 12492:tid 668] AH01909: www.example.com:443:0 server certificate does NOT include an ID which matches the server name
[Thu Oct 27 10:43:43.390438 2022] [core:warn] [pid 12492:tid 668] AH00098: pid file D:/xampp/apache/logs/httpd.pid overwritten -- Unclean shutdown of previous Apache run?
[Thu Oct 27 10:43:43.391436 2022] [ssl:warn] [pid 12492:tid 668] AH01909: www.example.com:443:0 server certificate does NOT include an ID which matches the server name
[Thu Oct 27 10:43:43.411946 2022] [mpm_winnt:notice] [pid 12492:tid 668] AH00455: Apache/2.4.43 (Win64) OpenSSL/1.1.1g PHP/7.3.16 configured -- resuming normal operations
[Thu Oct 27 10:43:43.411946 2022] [mpm_winnt:notice] [pid 12492:tid 668] AH00456: Apache Lounge VC15 Server built: Apr 22 2020 11:11:00
[Thu Oct 27 10:43:43.411946 2022] [core:notice] [pid 12492:tid 668] AH00094: Command line: 'd:\\xampp\\apache\\bin\\httpd.exe -d D:/xampp/apache'
[Thu Oct 27 10:43:43.414208 2022] [mpm_winnt:notice] [pid 12492:tid 668] AH00418: Parent: Created child process 17448
[Thu Oct 27 10:43:43.595790 2022] [ssl:warn] [pid 17448:tid 604] AH01909: www.example.com:443:0 server certificate does NOT include an ID which matches the server name
[Thu Oct 27 10:43:43.613305 2022] [ssl:warn] [pid 17448:tid 604] AH01909: www.example.com:443:0 server certificate does NOT include an ID which matches the server name
[Thu Oct 27 10:43:43.629309 2022] [mpm_winnt:notice] [pid 17448:tid 604] AH00354: Child: Starting 150 worker threads.
[Thu Oct 27 10:44:28.212478 2022] [php7:warn] [pid 17448:tid 1860] [client ::1:49963] PHP Warning:  mysqli_real_connect(): (HY000/1045): Access denied for user 'root'@'localhost' (using password: YES) in D:\\xampp\\htdocs\\ok_snb\\wp-includes\\wp-db.php on line 1612
[Thu Oct 27 10:52:56.314527 2022] [php7:error] [pid 17448:tid 1844] [client ::1:60814] PHP Fatal error:  Maximum execution time of 120 seconds exceeded in D:\\xampp\\htdocs\\ok_snb\\wp-includes\\Requests\\Transport\\cURL.php on line 163, referer: https://localhost/ok_snb/wp-cron.php?doing_wp_cron=1666842656.2871320247650146484375
[Thu Oct 27 13:47:06.454725 2022] [php7:error] [pid 17448:tid 1844] [client ::1:64476] PHP Fatal error:  Maximum execution time of 120 seconds exceeded in D:\\xampp\\htdocs\\ok_snb\\wp-includes\\Requests\\Transport\\cURL.php on line 163, referer: https://localhost/ok_snb/wp-cron.php?doing_wp_cron=1666853106.3997869491577148437500
[Thu Oct 27 14:11:46.229239 2022] [php7:notice] [pid 17448:tid 1852] [client ::1:62428] PHP Notice:  Undefined variable: pId in D:\\xampp\\htdocs\\ok_snb\\wp-content\\plugins\\snb_html\\admin\\list.php on line 17, referer: https://localhost/ok_snb/wp-admin/post.php?post=5003&action=edit
[Thu Oct 27 14:12:00.627485 2022] [php7:notice] [pid 17448:tid 1836] [client ::1:62460] PHP Notice:  Undefined variable: pId in D:\\xampp\\htdocs\\ok_snb\\wp-content\\plugins\\snb_html\\admin\\list.php on line 17, referer: https://localhost/ok_snb/wp-admin/edit.php?post_type=acf-field-group&page=acf-tools
[Thu Oct 27 14:12:07.389566 2022] [php7:error] [pid 17448:tid 1828] [client ::1:62471] PHP Fatal error:  Uncaught Error: Class 'XsltProcessor' not found in D:\\xampp\\htdocs\\ok_snb\\wp-content\\plugins\\snb_html\\libs\\class_xslt.php:8\nStack trace:\n#0 D:\\xampp\\htdocs\\ok_snb\\wp-content\\plugins\\snb_html\\libs\\class_xslt.php(72): xslt_create()\n#1 D:\\xampp\\htdocs\\ok_snb\\wp-content\\plugins\\snb_html\\libs\\View.php(15): Xslt->__construct()\n#2 D:\\xampp\\htdocs\\ok_snb\\wp-content\\plugins\\snb_html\\admin\\single.php(62): View->transform('D:\\\\xampp\\\\htdocs...')\n#3 D:\\xampp\\htdocs\\ok_snb\\wp-content\\plugins\\snb_html\\snb_html.php(65): require('D:\\\\xampp\\\\htdocs...')\n#4 D:\\xampp\\htdocs\\ok_snb\\wp-includes\\class-wp-hook.php(286): manager_widget_snb_setting('')\n#5 D:\\xampp\\htdocs\\ok_snb\\wp-includes\\class-wp-hook.php(310): WP_Hook->apply_filters('', Array)\n#6 D:\\xampp\\htdocs\\ok_snb\\wp-includes\\plugin.php(465): WP_Hook->do_action(Array)\n#7 D:\\xampp\\htdocs\\ok_snb\\wp-admin\\admin.php(253): do_action('toplevel_page_w...')\n#8 {main}\n  thrown in D:\\xampp\\htdocs\\ok_snb\\wp-content\\plugins\\snb_html\\libs\\class_xslt.php on line 8, referer: https://localhost/ok_snb/wp-admin/admin.php?page=widget_snb
[Thu Oct 27 14:19:11.219720 2022] [php7:error] [pid 17448:tid 1860] [client ::1:65172] PHP Fatal error:  Uncaught Error: Class 'XsltProcessor' not found in D:\\xampp\\htdocs\\ok_snb\\wp-content\\plugins\\snb_html\\libs\\class_xslt.php:8\nStack trace:\n#0 D:\\xampp\\htdocs\\ok_snb\\wp-content\\plugins\\snb_html\\libs\\class_xslt.php(72): xslt_create()\n#1 D:\\xampp\\htdocs\\ok_snb\\wp-content\\plugins\\snb_html\\libs\\View.php(15): Xslt->__construct()\n#2 D:\\xampp\\htdocs\\ok_snb\\wp-content\\plugins\\snb_html\\admin\\single.php(62): View->transform('D:\\\\xampp\\\\htdocs...')\n#3 D:\\xampp\\htdocs\\ok_snb\\wp-content\\plugins\\snb_html\\snb_html.php(65): require('D:\\\\xampp\\\\htdocs...')\n#4 D:\\xampp\\htdocs\\ok_snb\\wp-includes\\class-wp-hook.php(286): manager_widget_snb_setting('')\n#5 D:\\xampp\\htdocs\\ok_snb\\wp-includes\\class-wp-hook.php(310): WP_Hook->apply_filters('', Array)\n#6 D:\\xampp\\htdocs\\ok_snb\\wp-includes\\plugin.php(465): WP_Hook->do_action(Array)\n#7 D:\\xampp\\htdocs\\ok_snb\\wp-admin\\admin.php(253): do_action('toplevel_page_w...')\n#8 {main}\n  thrown in D:\\xampp\\htdocs\\ok_snb\\wp-content\\plugins\\snb_html\\libs\\class_xslt.php on line 8, referer: https://localhost/ok_snb/wp-admin/admin.php?page=widget_snb
[Thu Oct 27 14:25:43.077388 2022] [ssl:warn] [pid 10144:tid 612] AH01909: www.example.com:443:0 server certificate does NOT include an ID which matches the server name
[Thu Oct 27 14:25:43.096390 2022] [core:warn] [pid 10144:tid 612] AH00098: pid file D:/xampp/apache/logs/httpd.pid overwritten -- Unclean shutdown of previous Apache run?
[Thu Oct 27 14:25:43.097384 2022] [ssl:warn] [pid 10144:tid 612] AH01909: www.example.com:443:0 server certificate does NOT include an ID which matches the server name
[Thu Oct 27 14:25:43.138214 2022] [mpm_winnt:notice] [pid 10144:tid 612] AH00455: Apache/2.4.43 (Win64) OpenSSL/1.1.1g PHP/7.3.16 configured -- resuming normal operations
[Thu Oct 27 14:25:43.138214 2022] [mpm_winnt:notice] [pid 10144:tid 612] AH00456: Apache Lounge VC15 Server built: Apr 22 2020 11:11:00
[Thu Oct 27 14:25:43.138214 2022] [core:notice] [pid 10144:tid 612] AH00094: Command line: 'd:\\xampp\\apache\\bin\\httpd.exe -d D:/xampp/apache'
[Thu Oct 27 14:25:43.140695 2022] [mpm_winnt:notice] [pid 10144:tid 612] AH00418: Parent: Created child process 16860
[Thu Oct 27 14:25:43.333605 2022] [ssl:warn] [pid 16860:tid 200] AH01909: www.example.com:443:0 server certificate does NOT include an ID which matches the server name
[Thu Oct 27 14:25:43.353001 2022] [ssl:warn] [pid 16860:tid 200] AH01909: www.example.com:443:0 server certificate does NOT include an ID which matches the server name
[Thu Oct 27 14:25:43.372001 2022] [mpm_winnt:notice] [pid 16860:tid 200] AH00354: Child: Starting 150 worker threads.
[Thu Oct 27 14:25:49.182699 2022] [php7:notice] [pid 16860:tid 1940] [client ::1:65221] PHP Notice:  Undefined variable: pId in D:\\xampp\\htdocs\\ok_snb\\wp-content\\plugins\\snb_html\\admin\\list.php on line 17, referer: https://localhost/ok_snb/wp-admin/admin.php?page=widget_snb&id=28
[Thu Oct 27 14:25:55.039726 2022] [php7:notice] [pid 16860:tid 1876] [client ::1:65246] PHP Notice:  Undefined variable: pId in D:\\xampp\\htdocs\\ok_snb\\wp-content\\plugins\\snb_html\\admin\\list.php on line 17, referer: https://localhost/ok_snb/wp-admin/edit.php?post_type=acf-field-group
[Thu Oct 27 20:27:38.236503 2022] [ssl:warn] [pid 15428:tid 640] AH01909: www.example.com:443:0 server certificate does NOT include an ID which matches the server name
[Thu Oct 27 20:27:38.340572 2022] [core:warn] [pid 15428:tid 640] AH00098: pid file D:/xampp/apache/logs/httpd.pid overwritten -- Unclean shutdown of previous Apache run?
[Thu Oct 27 20:27:38.340572 2022] [ssl:warn] [pid 15428:tid 640] AH01909: www.example.com:443:0 server certificate does NOT include an ID which matches the server name
[Thu Oct 27 20:27:38.948969 2022] [mpm_winnt:notice] [pid 15428:tid 640] AH00455: Apache/2.4.43 (Win64) OpenSSL/1.1.1g PHP/7.3.16 configured -- resuming normal operations
[Thu Oct 27 20:27:38.948969 2022] [mpm_winnt:notice] [pid 15428:tid 640] AH00456: Apache Lounge VC15 Server built: Apr 22 2020 11:11:00
[Thu Oct 27 20:27:38.948969 2022] [core:notice] [pid 15428:tid 640] AH00094: Command line: 'd:\\xampp\\apache\\bin\\httpd.exe -d D:/xampp/apache'
[Thu Oct 27 20:27:38.956995 2022] [mpm_winnt:notice] [pid 15428:tid 640] AH00418: Parent: Created child process 8120
[Thu Oct 27 20:27:39.598111 2022] [ssl:warn] [pid 8120:tid 604] AH01909: www.example.com:443:0 server certificate does NOT include an ID which matches the server name
[Thu Oct 27 20:27:39.646126 2022] [ssl:warn] [pid 8120:tid 604] AH01909: www.example.com:443:0 server certificate does NOT include an ID which matches the server name
[Thu Oct 27 20:27:39.734177 2022] [mpm_winnt:notice] [pid 8120:tid 604] AH00354: Child: Starting 150 worker threads.
[Thu Oct 27 20:34:02.962163 2022] [ssl:warn] [pid 10944:tid 616] AH01909: www.example.com:443:0 server certificate does NOT include an ID which matches the server name
[Thu Oct 27 20:34:02.986209 2022] [core:warn] [pid 10944:tid 616] AH00098: pid file D:/xampp/apache/logs/httpd.pid overwritten -- Unclean shutdown of previous Apache run?
[Thu Oct 27 20:34:02.986209 2022] [ssl:warn] [pid 10944:tid 616] AH01909: www.example.com:443:0 server certificate does NOT include an ID which matches the server name
[Thu Oct 27 20:34:03.363811 2022] [mpm_winnt:notice] [pid 10944:tid 616] AH00455: Apache/2.4.43 (Win64) OpenSSL/1.1.1g PHP/7.3.16 configured -- resuming normal operations
[Thu Oct 27 20:34:03.363811 2022] [mpm_winnt:notice] [pid 10944:tid 616] AH00456: Apache Lounge VC15 Server built: Apr 22 2020 11:11:00
[Thu Oct 27 20:34:03.363811 2022] [core:notice] [pid 10944:tid 616] AH00094: Command line: 'd:\\xampp\\apache\\bin\\httpd.exe -d D:/xampp/apache'
[Thu Oct 27 20:34:03.363811 2022] [mpm_winnt:notice] [pid 10944:tid 616] AH00418: Parent: Created child process 208
[Thu Oct 27 20:34:03.683974 2022] [ssl:warn] [pid 208:tid 440] AH01909: www.example.com:443:0 server certificate does NOT include an ID which matches the server name
[Thu Oct 27 20:34:03.703684 2022] [ssl:warn] [pid 208:tid 440] AH01909: www.example.com:443:0 server certificate does NOT include an ID which matches the server name
[Thu Oct 27 20:34:03.728667 2022] [mpm_winnt:notice] [pid 208:tid 440] AH00354: Child: Starting 150 worker threads.
[Fri Oct 28 17:11:16.820843 2022] [ssl:warn] [pid 3832:tid 632] AH01909: www.example.com:443:0 server certificate does NOT include an ID which matches the server name
[Fri Oct 28 17:11:16.836903 2022] [core:warn] [pid 3832:tid 632] AH00098: pid file D:/xampp/apache/logs/httpd.pid overwritten -- Unclean shutdown of previous Apache run?
[Fri Oct 28 17:11:16.836903 2022] [ssl:warn] [pid 3832:tid 632] AH01909: www.example.com:443:0 server certificate does NOT include an ID which matches the server name
[Fri Oct 28 17:11:17.071960 2022] [mpm_winnt:notice] [pid 3832:tid 632] AH00455: Apache/2.4.43 (Win64) OpenSSL/1.1.1g PHP/7.3.16 configured -- resuming normal operations
[Fri Oct 28 17:11:17.071960 2022] [mpm_winnt:notice] [pid 3832:tid 632] AH00456: Apache Lounge VC15 Server built: Apr 22 2020 11:11:00
[Fri Oct 28 17:11:17.071960 2022] [core:notice] [pid 3832:tid 632] AH00094: Command line: 'd:\\xampp\\apache\\bin\\httpd.exe -d D:/xampp/apache'
[Fri Oct 28 17:11:17.080992 2022] [mpm_winnt:notice] [pid 3832:tid 632] AH00418: Parent: Created child process 6812
[Fri Oct 28 17:11:17.272755 2022] [ssl:warn] [pid 6812:tid 596] AH01909: www.example.com:443:0 server certificate does NOT include an ID which matches the server name
[Fri Oct 28 17:11:17.289414 2022] [ssl:warn] [pid 6812:tid 596] AH01909: www.example.com:443:0 server certificate does NOT include an ID which matches the server name
[Fri Oct 28 17:11:17.305814 2022] [mpm_winnt:notice] [pid 6812:tid 596] AH00354: Child: Starting 150 worker threads.
[Fri Oct 28 22:12:18.889418 2022] [ssl:warn] [pid 10340:tid 592] AH01909: www.example.com:443:0 server certificate does NOT include an ID which matches the server name
[Fri Oct 28 22:12:18.908213 2022] [core:warn] [pid 10340:tid 592] AH00098: pid file D:/xampp/apache/logs/httpd.pid overwritten -- Unclean shutdown of previous Apache run?
[Fri Oct 28 22:12:18.909718 2022] [ssl:warn] [pid 10340:tid 592] AH01909: www.example.com:443:0 server certificate does NOT include an ID which matches the server name
[Fri Oct 28 22:12:19.229645 2022] [mpm_winnt:notice] [pid 10340:tid 592] AH00455: Apache/2.4.43 (Win64) OpenSSL/1.1.1g PHP/7.3.16 configured -- resuming normal operations
[Fri Oct 28 22:12:19.229645 2022] [mpm_winnt:notice] [pid 10340:tid 592] AH00456: Apache Lounge VC15 Server built: Apr 22 2020 11:11:00
[Fri Oct 28 22:12:19.229645 2022] [core:notice] [pid 10340:tid 592] AH00094: Command line: 'd:\\xampp\\apache\\bin\\httpd.exe -d D:/xampp/apache'
[Fri Oct 28 22:12:19.232157 2022] [mpm_winnt:notice] [pid 10340:tid 592] AH00418: Parent: Created child process 7568
[Fri Oct 28 22:12:19.458597 2022] [ssl:warn] [pid 7568:tid 592] AH01909: www.example.com:443:0 server certificate does NOT include an ID which matches the server name
[Fri Oct 28 22:12:19.479355 2022] [ssl:warn] [pid 7568:tid 592] AH01909: www.example.com:443:0 server certificate does NOT include an ID which matches the server name
[Fri Oct 28 22:12:19.496734 2022] [mpm_winnt:notice] [pid 7568:tid 592] AH00354: Child: Starting 150 worker threads.
[Sat Oct 29 15:05:01.631825 2022] [ssl:warn] [pid 10780:tid 592] AH01909: www.example.com:443:0 server certificate does NOT include an ID which matches the server name
[Sat Oct 29 15:05:01.650034 2022] [core:warn] [pid 10780:tid 592] AH00098: pid file D:/xampp/apache/logs/httpd.pid overwritten -- Unclean shutdown of previous Apache run?
[Sat Oct 29 15:05:01.651041 2022] [ssl:warn] [pid 10780:tid 592] AH01909: www.example.com:443:0 server certificate does NOT include an ID which matches the server name
[Sat Oct 29 15:05:01.681873 2022] [mpm_winnt:notice] [pid 10780:tid 592] AH00455: Apache/2.4.43 (Win64) OpenSSL/1.1.1g PHP/7.3.16 configured -- resuming normal operations
[Sat Oct 29 15:05:01.681873 2022] [mpm_winnt:notice] [pid 10780:tid 592] AH00456: Apache Lounge VC15 Server built: Apr 22 2020 11:11:00
[Sat Oct 29 15:05:01.681873 2022] [core:notice] [pid 10780:tid 592] AH00094: Command line: 'd:\\xampp\\apache\\bin\\httpd.exe -d D:/xampp/apache'
[Sat Oct 29 15:05:01.684578 2022] [mpm_winnt:notice] [pid 10780:tid 592] AH00418: Parent: Created child process 13800
[Sat Oct 29 15:05:01.859784 2022] [ssl:warn] [pid 13800:tid 600] AH01909: www.example.com:443:0 server certificate does NOT include an ID which matches the server name
[Sat Oct 29 15:05:01.876795 2022] [ssl:warn] [pid 13800:tid 600] AH01909: www.example.com:443:0 server certificate does NOT include an ID which matches the server name
[Sat Oct 29 15:05:01.894303 2022] [mpm_winnt:notice] [pid 13800:tid 600] AH00354: Child: Starting 150 worker threads.
[Sun Oct 30 10:33:08.216830 2022] [ssl:warn] [pid 18780:tid 100] AH01909: www.example.com:443:0 server certificate does NOT include an ID which matches the server name
[Sun Oct 30 10:33:08.242362 2022] [core:warn] [pid 18780:tid 100] AH00098: pid file D:/xampp/apache/logs/httpd.pid overwritten -- Unclean shutdown of previous Apache run?
[Sun Oct 30 10:33:08.242362 2022] [ssl:warn] [pid 18780:tid 100] AH01909: www.example.com:443:0 server certificate does NOT include an ID which matches the server name
[Sun Oct 30 10:33:08.289718 2022] [mpm_winnt:notice] [pid 18780:tid 100] AH00455: Apache/2.4.43 (Win64) OpenSSL/1.1.1g PHP/7.3.16 configured -- resuming normal operations
[Sun Oct 30 10:33:08.289718 2022] [mpm_winnt:notice] [pid 18780:tid 100] AH00456: Apache Lounge VC15 Server built: Apr 22 2020 11:11:00
[Sun Oct 30 10:33:08.289718 2022] [core:notice] [pid 18780:tid 100] AH00094: Command line: 'd:\\xampp\\apache\\bin\\httpd.exe -d D:/xampp/apache'
[Sun Oct 30 10:33:08.296533 2022] [mpm_winnt:notice] [pid 18780:tid 100] AH00418: Parent: Created child process 8116
[Sun Oct 30 10:33:08.498580 2022] [ssl:warn] [pid 8116:tid 604] AH01909: www.example.com:443:0 server certificate does NOT include an ID which matches the server name
[Sun Oct 30 10:33:08.520019 2022] [ssl:warn] [pid 8116:tid 604] AH01909: www.example.com:443:0 server certificate does NOT include an ID which matches the server name
[Sun Oct 30 10:33:08.536724 2022] [mpm_winnt:notice] [pid 8116:tid 604] AH00354: Child: Starting 150 worker threads.
[Sun Oct 30 10:41:21.242070 2022] [php7:warn] [pid 8116:tid 1856] [client ::1:49914] PHP Warning:  mysqli_real_connect(): MySQL server has gone away in D:\\xampp\\htdocs\\ok_snb\\wp-includes\\wp-db.php on line 1612
[Sun Oct 30 10:41:21.245064 2022] [php7:warn] [pid 8116:tid 1856] [client ::1:49914] PHP Warning:  mysqli_real_connect(): Error while reading greeting packet. PID=8116 in D:\\xampp\\htdocs\\ok_snb\\wp-includes\\wp-db.php on line 1612
[Sun Oct 30 10:41:21.245064 2022] [php7:warn] [pid 8116:tid 1864] [client ::1:49919] PHP Warning:  mysqli_real_connect(): MySQL server has gone away in D:\\xampp\\htdocs\\ok_snb\\wp-includes\\wp-db.php on line 1612
[Sun Oct 30 10:41:21.245064 2022] [php7:warn] [pid 8116:tid 1856] [client ::1:49914] PHP Warning:  mysqli_real_connect(): (HY000/2006): MySQL server has gone away in D:\\xampp\\htdocs\\ok_snb\\wp-includes\\wp-db.php on line 1612
[Sun Oct 30 10:41:21.245064 2022] [php7:warn] [pid 8116:tid 1864] [client ::1:49919] PHP Warning:  mysqli_real_connect(): Error while reading greeting packet. PID=8116 in D:\\xampp\\htdocs\\ok_snb\\wp-includes\\wp-db.php on line 1612
[Sun Oct 30 10:41:21.245064 2022] [php7:warn] [pid 8116:tid 1864] [client ::1:49919] PHP Warning:  mysqli_real_connect(): (HY000/2006): MySQL server has gone away in D:\\xampp\\htdocs\\ok_snb\\wp-includes\\wp-db.php on line 1612
[Sun Oct 30 10:41:21.247843 2022] [php7:error] [pid 8116:tid 1856] [client ::1:49914] PHP Fatal error:  Maximum execution time of 120 seconds exceeded in D:\\xampp\\htdocs\\ok_snb\\wp-includes\\wp-db.php on line 1612
[Sun Oct 30 10:41:21.247843 2022] [php7:error] [pid 8116:tid 1864] [client ::1:49919] PHP Fatal error:  Maximum execution time of 120 seconds exceeded in D:\\xampp\\htdocs\\ok_snb\\wp-includes\\wp-db.php on line 1612
[Sun Oct 30 10:41:21.247843 2022] [php7:error] [pid 8116:tid 1880] [client ::1:49908] PHP Fatal error:  Maximum execution time of 120 seconds exceeded in D:\\xampp\\phpMyAdmin\\libraries\\classes\\ErrorHandler.php on line 191
[Sun Oct 30 10:41:26.177009 2022] [ssl:warn] [pid 1068:tid 596] AH01909: www.example.com:443:0 server certificate does NOT include an ID which matches the server name
[Sun Oct 30 10:41:26.193767 2022] [core:warn] [pid 1068:tid 596] AH00098: pid file D:/xampp/apache/logs/httpd.pid overwritten -- Unclean shutdown of previous Apache run?
[Sun Oct 30 10:41:26.196794 2022] [ssl:warn] [pid 1068:tid 596] AH01909: www.example.com:443:0 server certificate does NOT include an ID which matches the server name
[Sun Oct 30 10:41:26.214897 2022] [mpm_winnt:notice] [pid 1068:tid 596] AH00455: Apache/2.4.43 (Win64) OpenSSL/1.1.1g PHP/7.3.16 configured -- resuming normal operations
[Sun Oct 30 10:41:26.214897 2022] [mpm_winnt:notice] [pid 1068:tid 596] AH00456: Apache Lounge VC15 Server built: Apr 22 2020 11:11:00
[Sun Oct 30 10:41:26.214897 2022] [core:notice] [pid 1068:tid 596] AH00094: Command line: 'd:\\xampp\\apache\\bin\\httpd.exe -d D:/xampp/apache'
[Sun Oct 30 10:41:26.218417 2022] [mpm_winnt:notice] [pid 1068:tid 596] AH00418: Parent: Created child process 13652
[Sun Oct 30 10:41:26.423754 2022] [ssl:warn] [pid 13652:tid 628] AH01909: www.example.com:443:0 server certificate does NOT include an ID which matches the server name
[Sun Oct 30 10:41:26.441472 2022] [ssl:warn] [pid 13652:tid 628] AH01909: www.example.com:443:0 server certificate does NOT include an ID which matches the server name
[Sun Oct 30 10:41:26.464700 2022] [mpm_winnt:notice] [pid 13652:tid 628] AH00354: Child: Starting 150 worker threads.
[Sun Oct 30 10:45:17.007295 2022] [php7:warn] [pid 13652:tid 1880] [client ::1:50165] PHP Warning:  count(): Parameter must be an array or an object that implements Countable in D:\\xampp\\htdocs\\ok_snb\\wp-includes\\post-template.php on line 293, referer: https://localhost/ok_snb/
[Sun Oct 30 14:59:13.233623 2022] [ssl:warn] [pid 18988:tid 204] AH01909: www.example.com:443:0 server certificate does NOT include an ID which matches the server name
[Sun Oct 30 14:59:13.265332 2022] [core:warn] [pid 18988:tid 204] AH00098: pid file D:/xampp/apache/logs/httpd.pid overwritten -- Unclean shutdown of previous Apache run?
[Sun Oct 30 14:59:13.265332 2022] [ssl:warn] [pid 18988:tid 204] AH01909: www.example.com:443:0 server certificate does NOT include an ID which matches the server name
[Sun Oct 30 14:59:13.280975 2022] [mpm_winnt:notice] [pid 18988:tid 204] AH00455: Apache/2.4.43 (Win64) OpenSSL/1.1.1g PHP/7.3.16 configured -- resuming normal operations
[Sun Oct 30 14:59:13.280975 2022] [mpm_winnt:notice] [pid 18988:tid 204] AH00456: Apache Lounge VC15 Server built: Apr 22 2020 11:11:00
[Sun Oct 30 14:59:13.280975 2022] [core:notice] [pid 18988:tid 204] AH00094: Command line: 'd:\\xampp\\apache\\bin\\httpd.exe -d D:/xampp/apache'
[Sun Oct 30 14:59:13.280975 2022] [mpm_winnt:notice] [pid 18988:tid 204] AH00418: Parent: Created child process 19020
[Sun Oct 30 14:59:13.484980 2022] [ssl:warn] [pid 19020:tid 604] AH01909: www.example.com:443:0 server certificate does NOT include an ID which matches the server name
[Sun Oct 30 14:59:13.500617 2022] [ssl:warn] [pid 19020:tid 604] AH01909: www.example.com:443:0 server certificate does NOT include an ID which matches the server name
[Sun Oct 30 14:59:13.516244 2022] [mpm_winnt:notice] [pid 19020:tid 604] AH00354: Child: Starting 150 worker threads.
[Sun Oct 30 15:01:19.976948 2022] [mpm_winnt:crit] [pid 19020:tid 604] AH02538: Child: Parent process exited abruptly. Child process is ending
[Sun Oct 30 15:03:28.750468 2022] [ssl:warn] [pid 10832:tid 100] AH01909: www.example.com:443:0 server certificate does NOT include an ID which matches the server name
[Sun Oct 30 15:03:28.766002 2022] [core:warn] [pid 10832:tid 100] AH00098: pid file D:/xampp/apache/logs/httpd.pid overwritten -- Unclean shutdown of previous Apache run?
[Sun Oct 30 15:03:28.766002 2022] [ssl:warn] [pid 10832:tid 100] AH01909: www.example.com:443:0 server certificate does NOT include an ID which matches the server name
[Sun Oct 30 15:03:28.955006 2022] [mpm_winnt:notice] [pid 10832:tid 100] AH00455: Apache/2.4.43 (Win64) OpenSSL/1.1.1g PHP/7.3.16 configured -- resuming normal operations
[Sun Oct 30 15:03:28.955006 2022] [mpm_winnt:notice] [pid 10832:tid 100] AH00456: Apache Lounge VC15 Server built: Apr 22 2020 11:11:00
[Sun Oct 30 15:03:28.955006 2022] [core:notice] [pid 10832:tid 100] AH00094: Command line: 'd:\\xampp\\apache\\bin\\httpd.exe -d D:/xampp/apache'
[Sun Oct 30 15:03:28.955006 2022] [mpm_winnt:notice] [pid 10832:tid 100] AH00418: Parent: Created child process 8248
[Sun Oct 30 15:03:29.147517 2022] [ssl:warn] [pid 8248:tid 580] AH01909: www.example.com:443:0 server certificate does NOT include an ID which matches the server name
[Sun Oct 30 15:03:29.159059 2022] [ssl:warn] [pid 8248:tid 580] AH01909: www.example.com:443:0 server certificate does NOT include an ID which matches the server name
[Sun Oct 30 15:03:29.186722 2022] [mpm_winnt:notice] [pid 8248:tid 580] AH00354: Child: Starting 150 worker threads.
[Sun Oct 30 16:08:24.976745 2022] [php7:error] [pid 8248:tid 1884] [client ::1:51473] PHP Fatal error:  Uncaught Error: Class 'Hx_nav_walker' not found in D:\\xampp\\htdocs\\ok_snb\\wp-content\\themes\\snb\\header.php:33\nStack trace:\n#0 D:\\xampp\\htdocs\\ok_snb\\wp-includes\\template.php(704): require_once()\n#1 D:\\xampp\\htdocs\\ok_snb\\wp-includes\\template.php(653): load_template('D:\\\\xampp\\\\htdocs...', true)\n#2 D:\\xampp\\htdocs\\ok_snb\\wp-includes\\general-template.php(41): locate_template(Array, true)\n#3 D:\\xampp\\htdocs\\ok_snb\\wp-content\\themes\\snb\\page.php(2): get_header()\n#4 D:\\xampp\\htdocs\\ok_snb\\wp-includes\\template-loader.php(77): include('D:\\\\xampp\\\\htdocs...')\n#5 D:\\xampp\\htdocs\\ok_snb\\wp-blog-header.php(19): require_once('D:\\\\xampp\\\\htdocs...')\n#6 D:\\xampp\\htdocs\\ok_snb\\index.php(17): require('D:\\\\xampp\\\\htdocs...')\n#7 {main}\n  thrown in D:\\xampp\\htdocs\\ok_snb\\wp-content\\themes\\snb\\header.php on line 33, referer: https://localhost/ok_snb/
[Mon Oct 31 22:47:40.126538 2022] [ssl:warn] [pid 14132:tid 652] AH01909: www.example.com:443:0 server certificate does NOT include an ID which matches the server name
[Mon Oct 31 22:47:40.151057 2022] [core:warn] [pid 14132:tid 652] AH00098: pid file D:/xampp/apache/logs/httpd.pid overwritten -- Unclean shutdown of previous Apache run?
[Mon Oct 31 22:47:40.151057 2022] [ssl:warn] [pid 14132:tid 652] AH01909: www.example.com:443:0 server certificate does NOT include an ID which matches the server name
[Mon Oct 31 22:47:40.419559 2022] [mpm_winnt:notice] [pid 14132:tid 652] AH00455: Apache/2.4.43 (Win64) OpenSSL/1.1.1g PHP/7.3.16 configured -- resuming normal operations
[Mon Oct 31 22:47:40.419559 2022] [mpm_winnt:notice] [pid 14132:tid 652] AH00456: Apache Lounge VC15 Server built: Apr 22 2020 11:11:00
[Mon Oct 31 22:47:40.419559 2022] [core:notice] [pid 14132:tid 652] AH00094: Command line: 'd:\\xampp\\apache\\bin\\httpd.exe -d D:/xampp/apache'
[Mon Oct 31 22:47:40.427559 2022] [mpm_winnt:notice] [pid 14132:tid 652] AH00418: Parent: Created child process 13008
[Mon Oct 31 22:47:40.638728 2022] [ssl:warn] [pid 13008:tid 640] AH01909: www.example.com:443:0 server certificate does NOT include an ID which matches the server name
[Mon Oct 31 22:47:40.654114 2022] [ssl:warn] [pid 13008:tid 640] AH01909: www.example.com:443:0 server certificate does NOT include an ID which matches the server name
[Mon Oct 31 22:47:40.678294 2022] [mpm_winnt:notice] [pid 13008:tid 640] AH00354: Child: Starting 150 worker threads.
[Mon Oct 31 22:51:42.641659 2022] [mpm_winnt:crit] [pid 13008:tid 640] AH02538: Child: Parent process exited abruptly. Child process is ending
[Mon Oct 31 22:51:54.961299 2022] [ssl:warn] [pid 16036:tid 556] AH01909: www.example.com:443:0 server certificate does NOT include an ID which matches the server name
[Mon Oct 31 22:51:54.977753 2022] [core:warn] [pid 16036:tid 556] AH00098: pid file D:/xampp/apache/logs/httpd.pid overwritten -- Unclean shutdown of previous Apache run?
[Mon Oct 31 22:51:54.980759 2022] [ssl:warn] [pid 16036:tid 556] AH01909: www.example.com:443:0 server certificate does NOT include an ID which matches the server name
[Mon Oct 31 22:51:54.997235 2022] [mpm_winnt:notice] [pid 16036:tid 556] AH00455: Apache/2.4.43 (Win64) OpenSSL/1.1.1g PHP/7.3.16 configured -- resuming normal operations
[Mon Oct 31 22:51:54.997235 2022] [mpm_winnt:notice] [pid 16036:tid 556] AH00456: Apache Lounge VC15 Server built: Apr 22 2020 11:11:00
[Mon Oct 31 22:51:54.997235 2022] [core:notice] [pid 16036:tid 556] AH00094: Command line: 'd:\\xampp\\apache\\bin\\httpd.exe -d D:/xampp/apache'
[Mon Oct 31 22:51:54.997235 2022] [mpm_winnt:notice] [pid 16036:tid 556] AH00418: Parent: Created child process 4840
[Mon Oct 31 22:51:55.215553 2022] [ssl:warn] [pid 4840:tid 604] AH01909: www.example.com:443:0 server certificate does NOT include an ID which matches the server name
[Mon Oct 31 22:51:55.238887 2022] [ssl:warn] [pid 4840:tid 604] AH01909: www.example.com:443:0 server certificate does NOT include an ID which matches the server name
[Mon Oct 31 22:51:55.255414 2022] [mpm_winnt:notice] [pid 4840:tid 604] AH00354: Child: Starting 150 worker threads.
[Mon Oct 31 23:46:44.596039 2022] [php7:warn] [pid 4840:tid 1832] [client ::1:59224] PHP Warning:  count(): Parameter must be an array or an object that implements Countable in D:\\xampp\\htdocs\\ok_snb\\wp-includes\\post-template.php on line 293, referer: https://localhost/ok_snb/abouts-vi/
[Mon Oct 31 23:49:11.705532 2022] [php7:warn] [pid 4840:tid 1848] [client ::1:59391] PHP Warning:  count(): Parameter must be an array or an object that implements Countable in D:\\xampp\\htdocs\\ok_snb\\wp-includes\\post-template.php on line 293, referer: https://localhost/ok_snb/abouts-vi/
[Tue Nov 01 20:40:30.050286 2022] [ssl:warn] [pid 9496:tid 420] AH01909: www.example.com:443:0 server certificate does NOT include an ID which matches the server name
[Tue Nov 01 20:40:30.073217 2022] [core:warn] [pid 9496:tid 420] AH00098: pid file D:/xampp/apache/logs/httpd.pid overwritten -- Unclean shutdown of previous Apache run?
[Tue Nov 01 20:40:30.073217 2022] [ssl:warn] [pid 9496:tid 420] AH01909: www.example.com:443:0 server certificate does NOT include an ID which matches the server name
[Tue Nov 01 20:40:30.296525 2022] [mpm_winnt:notice] [pid 9496:tid 420] AH00455: Apache/2.4.43 (Win64) OpenSSL/1.1.1g PHP/7.3.16 configured -- resuming normal operations
[Tue Nov 01 20:40:30.296525 2022] [mpm_winnt:notice] [pid 9496:tid 420] AH00456: Apache Lounge VC15 Server built: Apr 22 2020 11:11:00
[Tue Nov 01 20:40:30.296525 2022] [core:notice] [pid 9496:tid 420] AH00094: Command line: 'd:\\xampp\\apache\\bin\\httpd.exe -d D:/xampp/apache'
[Tue Nov 01 20:40:30.307982 2022] [mpm_winnt:notice] [pid 9496:tid 420] AH00418: Parent: Created child process 14144
[Tue Nov 01 20:40:30.619632 2022] [ssl:warn] [pid 14144:tid 620] AH01909: www.example.com:443:0 server certificate does NOT include an ID which matches the server name
[Tue Nov 01 20:40:30.638844 2022] [ssl:warn] [pid 14144:tid 620] AH01909: www.example.com:443:0 server certificate does NOT include an ID which matches the server name
[Tue Nov 01 20:40:30.654490 2022] [mpm_winnt:notice] [pid 14144:tid 620] AH00354: Child: Starting 150 worker threads.
[Tue Nov 01 20:43:08.274779 2022] [ssl:warn] [pid 11784:tid 392] AH01909: www.example.com:443:0 server certificate does NOT include an ID which matches the server name
[Tue Nov 01 20:43:08.291272 2022] [core:warn] [pid 11784:tid 392] AH00098: pid file D:/xampp/apache/logs/httpd.pid overwritten -- Unclean shutdown of previous Apache run?
[Tue Nov 01 20:43:08.291272 2022] [ssl:warn] [pid 11784:tid 392] AH01909: www.example.com:443:0 server certificate does NOT include an ID which matches the server name
[Tue Nov 01 20:43:08.310075 2022] [mpm_winnt:notice] [pid 11784:tid 392] AH00455: Apache/2.4.43 (Win64) OpenSSL/1.1.1g PHP/7.3.16 configured -- resuming normal operations
[Tue Nov 01 20:43:08.310075 2022] [mpm_winnt:notice] [pid 11784:tid 392] AH00456: Apache Lounge VC15 Server built: Apr 22 2020 11:11:00
[Tue Nov 01 20:43:08.310075 2022] [core:notice] [pid 11784:tid 392] AH00094: Command line: 'd:\\xampp\\apache\\bin\\httpd.exe -d D:/xampp/apache'
[Tue Nov 01 20:43:08.315087 2022] [mpm_winnt:notice] [pid 11784:tid 392] AH00418: Parent: Created child process 16700
[Tue Nov 01 20:43:08.511077 2022] [ssl:warn] [pid 16700:tid 612] AH01909: www.example.com:443:0 server certificate does NOT include an ID which matches the server name
[Tue Nov 01 20:43:08.529855 2022] [ssl:warn] [pid 16700:tid 612] AH01909: www.example.com:443:0 server certificate does NOT include an ID which matches the server name
[Tue Nov 01 20:43:08.549688 2022] [mpm_winnt:notice] [pid 16700:tid 612] AH00354: Child: Starting 150 worker threads.
[Tue Nov 01 20:45:35.974164 2022] [ssl:warn] [pid 10592:tid 552] AH01909: www.example.com:443:0 server certificate does NOT include an ID which matches the server name
[Tue Nov 01 20:45:35.992215 2022] [core:warn] [pid 10592:tid 552] AH00098: pid file D:/xampp/apache/logs/httpd.pid overwritten -- Unclean shutdown of previous Apache run?
[Tue Nov 01 20:45:35.992215 2022] [ssl:warn] [pid 10592:tid 552] AH01909: www.example.com:443:0 server certificate does NOT include an ID which matches the server name
[Tue Nov 01 20:45:36.009154 2022] [mpm_winnt:notice] [pid 10592:tid 552] AH00455: Apache/2.4.43 (Win64) OpenSSL/1.1.1g PHP/7.3.16 configured -- resuming normal operations
[Tue Nov 01 20:45:36.009154 2022] [mpm_winnt:notice] [pid 10592:tid 552] AH00456: Apache Lounge VC15 Server built: Apr 22 2020 11:11:00
[Tue Nov 01 20:45:36.009154 2022] [core:notice] [pid 10592:tid 552] AH00094: Command line: 'd:\\xampp\\apache\\bin\\httpd.exe -d D:/xampp/apache'
[Tue Nov 01 20:45:36.019291 2022] [mpm_winnt:notice] [pid 10592:tid 552] AH00418: Parent: Created child process 4860
[Tue Nov 01 20:45:36.221250 2022] [ssl:warn] [pid 4860:tid 600] AH01909: www.example.com:443:0 server certificate does NOT include an ID which matches the server name
[Tue Nov 01 20:45:36.239405 2022] [ssl:warn] [pid 4860:tid 600] AH01909: www.example.com:443:0 server certificate does NOT include an ID which matches the server name
[Tue Nov 01 20:45:36.262108 2022] [mpm_winnt:notice] [pid 4860:tid 600] AH00354: Child: Starting 150 worker threads.
